Build started 10/23/2011 12:33:08 AM.
     1>Project "D:\dev\projects\Anionu\LibSourcey\3rdparty\libstrophe\expat\lib\expat_static.vcxproj" on node 2 (build target(s)).
     1>InitializeBuildStatus:
         Creating ".\..\win32\tmp\Release_static\expat_static.unsuccessfulbuild" because "AlwaysCreate" was specified.
       ClCompile:
         All outputs are up-to-date.
         D:\Program Files\Microsoft Visual Studio 10.0\VC\bin\CL.exe /c /Zi /nologo /W3 /WX- /O2 /Ob1 /Oy- /D WIN32 /D _WINDOWS /D NDEBUG /D _LIB /D COMPILED_FROM_DSP /D _VC80_UPGRADE=0x0600 /D _MBCS /GF /Gm- /EHsc /MT /GS /Gy /fp:precise /Zc:wchar_t /Zc:forScope /Fo".\..\win32\tmp\Release_static\\" /Fd".\..\win32\tmp\Release_static\vc100.pdb" /Gd /TC /analyze- /errorReport:prompt xmlparse.c xmlrole.c xmltok.c xmltok_impl.c xmltok_ns.c
         xmlparse.c
         xmlrole.c
         xmltok.c
         xmltok_impl.c
         xmltok_ns.c
         Generating Code...
     1>D:\Program Files\MSBuild\Microsoft.Cpp\v4.0\Microsoft.CppBuild.targets(1151,5): warning MSB8012: TargetPath(D:\dev\projects\Anionu\LibSourcey\3rdparty\libstrophe\expat\lib\.\..\win32\bin\Release\expat_static.lib) does not match the Library's OutputFile property value (D:\dev\projects\Anionu\LibSourcey\3rdparty\libstrophe\expat\win32\bin\Release\libexpatMT.lib). This may cause your project to build incorrectly. To correct this, please make sure that $(OutDir), $(TargetName) and $(TargetExt) property values match the value specified in %(Lib.OutputFile).
     1>D:\Program Files\MSBuild\Microsoft.Cpp\v4.0\Microsoft.CppBuild.targets(1153,5): warning MSB8012: TargetName(expat_static) does not match the Library's OutputFile property value (libexpatMT). This may cause your project to build incorrectly. To correct this, please make sure that $(OutDir), $(TargetName) and $(TargetExt) property values match the value specified in %(Lib.OutputFile).
       Lib:
         D:\Program Files\Microsoft Visual Studio 10.0\VC\bin\Lib.exe /OUT:"..\win32\bin\Release/libexpatMT.lib" /NOLOGO .\..\win32\tmp\Release_static\xmlparse.obj
         .\..\win32\tmp\Release_static\xmlrole.obj
         .\..\win32\tmp\Release_static\xmltok.obj
         .\..\win32\tmp\Release_static\xmltok_impl.obj
         .\..\win32\tmp\Release_static\xmltok_ns.obj
         expat_static.vcxproj -> D:\dev\projects\Anionu\LibSourcey\3rdparty\libstrophe\expat\lib\.\..\win32\bin\Release\expat_static.lib
       FinalizeBuildStatus:
         Deleting file ".\..\win32\tmp\Release_static\expat_static.unsuccessfulbuild".
         Touching ".\..\win32\tmp\Release_static\expat_static.lastbuildstate".
     1>Done Building Project "D:\dev\projects\Anionu\LibSourcey\3rdparty\libstrophe\expat\lib\expat_static.vcxproj" (build target(s)).

Build succeeded.

Time Elapsed 00:00:01.04
